/project/wli5/conda/envs/jima/lib/python3.10/site-packages/torchvision/models/_utils.py:208: UserWarning: The parameter 'pretrained' is deprecated since 0.13 and may be removed in the future, please use 'weights' instead.
  warnings.warn(
/project/wli5/conda/envs/jima/lib/python3.10/site-packages/torchvision/models/_utils.py:223: UserWarning: Arguments other than a weight enum or `None` for 'weights' are deprecated since 0.13 and may be removed in the future. The current behavior is equivalent to passing `weights=ResNet101_Weights.IMAGENET1K_V1`. You can also use `weights=ResNet101_Weights.DEFAULT` to get the most up-to-date weights.
  warnings.warn(msg)
Starting training...
Epoch 1/100
Batch [20] - Report Loss: 4.8430, Entity Loss: 0.2255, Total Loss: 4.8656
Batch [40] - Report Loss: 4.1648, Entity Loss: 0.1474, Total Loss: 4.1795
Batch [60] - Report Loss: 3.7338, Entity Loss: 0.1204, Total Loss: 3.7458
Epoch 1 - Train Loss: 3.6379, Val Loss: 2.4588
BLEU_1: 0.3248
BLEU_2: 0.2278
BLEU_3: 0.1676
BLEU_4: 0.1278
METEOR: 0.1668
ROUGE_L: 0.3710
entity_precision: 0.6734
entity_recall: 0.2861
entity_f1: 0.4016
Saving best model with BLEU_4: 0.1278
Epoch 2/100
Batch [20] - Report Loss: 2.4291, Entity Loss: 0.0634, Total Loss: 2.4355
Batch [40] - Report Loss: 2.3006, Entity Loss: 0.0620, Total Loss: 2.3068
Batch [60] - Report Loss: 2.2114, Entity Loss: 0.0618, Total Loss: 2.2175
Epoch 2 - Train Loss: 2.1706, Val Loss: 2.0395
BLEU_1: 0.1989
BLEU_2: 0.1180
BLEU_3: 0.0836
BLEU_4: 0.0640
METEOR: 0.1035
ROUGE_L: 0.2947
entity_precision: 0.6668
entity_recall: 0.2957
entity_f1: 0.4098
Epoch 3/100
Batch [20] - Report Loss: 1.7932, Entity Loss: 0.0599, Total Loss: 1.7992
Batch [40] - Report Loss: 1.7018, Entity Loss: 0.0587, Total Loss: 1.7077
Batch [60] - Report Loss: 1.6422, Entity Loss: 0.0587, Total Loss: 1.6481
Epoch 3 - Train Loss: 1.6090, Val Loss: 1.9341
BLEU_1: 0.1989
BLEU_2: 0.1180
BLEU_3: 0.0836
BLEU_4: 0.0640
METEOR: 0.1035
ROUGE_L: 0.2947
entity_precision: 0.6612
entity_recall: 0.3056
entity_f1: 0.4180
Epoch 4/100
Batch [20] - Report Loss: 1.3438, Entity Loss: 0.0579, Total Loss: 1.3496
Batch [40] - Report Loss: 1.2565, Entity Loss: 0.0567, Total Loss: 1.2621
Batch [60] - Report Loss: 1.2077, Entity Loss: 0.0567, Total Loss: 1.2134
Epoch 4 - Train Loss: 1.1778, Val Loss: 2.0558
BLEU_1: 0.1989
BLEU_2: 0.1180
BLEU_3: 0.0836
BLEU_4: 0.0640
METEOR: 0.1035
ROUGE_L: 0.2947
entity_precision: 0.6593
entity_recall: 0.3002
entity_f1: 0.4126
Epoch 5/100
Batch [20] - Report Loss: 0.9721, Entity Loss: 0.0565, Total Loss: 0.9777
Batch [40] - Report Loss: 0.8945, Entity Loss: 0.0549, Total Loss: 0.9000
Batch [60] - Report Loss: 0.8527, Entity Loss: 0.0546, Total Loss: 0.8581
Epoch 5 - Train Loss: 0.8279, Val Loss: 2.1304
BLEU_1: 0.1989
BLEU_2: 0.1180
BLEU_3: 0.0836
BLEU_4: 0.0640
METEOR: 0.1035
ROUGE_L: 0.2947
entity_precision: 0.6509
entity_recall: 0.3045
entity_f1: 0.4149
Epoch 6/100
Batch [20] - Report Loss: 0.6738, Entity Loss: 0.0542, Total Loss: 0.6792
Batch [40] - Report Loss: 0.6054, Entity Loss: 0.0525, Total Loss: 0.6107
Batch [60] - Report Loss: 0.5710, Entity Loss: 0.0521, Total Loss: 0.5762
Epoch 6 - Train Loss: 0.5541, Val Loss: 2.2879
BLEU_1: 0.1989
BLEU_2: 0.1180
BLEU_3: 0.0836
BLEU_4: 0.0640
METEOR: 0.1035
ROUGE_L: 0.2947
entity_precision: 0.6385
entity_recall: 0.3076
entity_f1: 0.4152
Epoch 7/100
Batch [20] - Report Loss: 0.4667, Entity Loss: 0.0520, Total Loss: 0.4719
Batch [40] - Report Loss: 0.4044, Entity Loss: 0.0506, Total Loss: 0.4094
Batch [60] - Report Loss: 0.3816, Entity Loss: 0.0503, Total Loss: 0.3867
Epoch 7 - Train Loss: 0.3713, Val Loss: 2.4168
BLEU_1: 0.1989
BLEU_2: 0.1180
BLEU_3: 0.0836
BLEU_4: 0.0640
METEOR: 0.1035
ROUGE_L: 0.2947
entity_precision: 0.6520
entity_recall: 0.2980
entity_f1: 0.4090
Epoch 8/100
Batch [20] - Report Loss: 0.2969, Entity Loss: 0.0491, Total Loss: 0.3018
Batch [40] - Report Loss: 0.2527, Entity Loss: 0.0480, Total Loss: 0.2575
Batch [60] - Report Loss: 0.2416, Entity Loss: 0.0480, Total Loss: 0.2464
Epoch 8 - Train Loss: 0.2377, Val Loss: 2.5320
BLEU_1: 0.2203
BLEU_2: 0.1187
BLEU_3: 0.0775
BLEU_4: 0.0549
METEOR: 0.0962
ROUGE_L: 0.2674
entity_precision: 0.6185
entity_recall: 0.3119
entity_f1: 0.4147
Epoch 9/100
Batch [20] - Report Loss: 0.2055, Entity Loss: 0.0463, Total Loss: 0.2101
Batch [40] - Report Loss: 0.1757, Entity Loss: 0.0450, Total Loss: 0.1802
Batch [60] - Report Loss: 0.1665, Entity Loss: 0.0449, Total Loss: 0.1710
Epoch 9 - Train Loss: 0.1648, Val Loss: 2.6948
BLEU_1: 0.1989
BLEU_2: 0.1180
BLEU_3: 0.0836
BLEU_4: 0.0640
METEOR: 0.1035
ROUGE_L: 0.2947
entity_precision: 0.5707
entity_recall: 0.3256
entity_f1: 0.4146
Epoch 10/100
Batch [20] - Report Loss: 0.1192, Entity Loss: 0.0432, Total Loss: 0.1235
Batch [40] - Report Loss: 0.1072, Entity Loss: 0.0415, Total Loss: 0.1114
Batch [60] - Report Loss: 0.1049, Entity Loss: 0.0412, Total Loss: 0.1090
Epoch 10 - Train Loss: 0.1047, Val Loss: 2.8445
BLEU_1: 0.1989
BLEU_2: 0.1180
BLEU_3: 0.0836
BLEU_4: 0.0640
METEOR: 0.1035
ROUGE_L: 0.2947
entity_precision: 0.6140
entity_recall: 0.3168
entity_f1: 0.4180
Epoch 11/100
Batch [20] - Report Loss: 0.0725, Entity Loss: 0.0391, Total Loss: 0.0764
Batch [40] - Report Loss: 0.0679, Entity Loss: 0.0376, Total Loss: 0.0717
Batch [60] - Report Loss: 0.0669, Entity Loss: 0.0373, Total Loss: 0.0706
Computing difficulty scores for curriculum learning...
Updated curriculum ratio: 1.0000
Epoch 11 - Train Loss: 0.0681, Val Loss: 2.8820
BLEU_1: 0.2167
BLEU_2: 0.1282
BLEU_3: 0.0899
BLEU_4: 0.0683
METEOR: 0.1086
ROUGE_L: 0.2977
entity_precision: 0.6183
entity_recall: 0.2980
entity_f1: 0.4022
Epoch 12/100
Batch [20] - Report Loss: 0.0463, Entity Loss: 0.0358, Total Loss: 0.0498
Batch [40] - Report Loss: 0.0418, Entity Loss: 0.0342, Total Loss: 0.0452
Batch [60] - Report Loss: 0.0405, Entity Loss: 0.0339, Total Loss: 0.0439
Computing difficulty scores for curriculum learning...
Updated curriculum ratio: 1.0000
Epoch 12 - Train Loss: 0.0427, Val Loss: 3.1122
BLEU_1: 0.1989
BLEU_2: 0.1180
BLEU_3: 0.0836
BLEU_4: 0.0640
METEOR: 0.1035
ROUGE_L: 0.2947
entity_precision: 0.5907
entity_recall: 0.3187
entity_f1: 0.4140
Epoch 13/100
Batch [20] - Report Loss: 0.0348, Entity Loss: 0.0329, Total Loss: 0.0381
Batch [40] - Report Loss: 0.0336, Entity Loss: 0.0312, Total Loss: 0.0367
Batch [60] - Report Loss: 0.0315, Entity Loss: 0.0308, Total Loss: 0.0346
Computing difficulty scores for curriculum learning...
Updated curriculum ratio: 1.0000
Epoch 13 - Train Loss: 0.0336, Val Loss: 3.0660
BLEU_1: 0.1989
BLEU_2: 0.1180
BLEU_3: 0.0836
BLEU_4: 0.0640
METEOR: 0.1035
ROUGE_L: 0.2947
entity_precision: 0.5637
entity_recall: 0.2972
entity_f1: 0.3892
Epoch 14/100
Batch [20] - Report Loss: 0.0376, Entity Loss: 0.0290, Total Loss: 0.0405
Batch [40] - Report Loss: 0.0366, Entity Loss: 0.0280, Total Loss: 0.0394
Batch [60] - Report Loss: 0.0319, Entity Loss: 0.0278, Total Loss: 0.0347
Computing difficulty scores for curriculum learning...
Updated curriculum ratio: 1.0000
Epoch 14 - Train Loss: 0.0331, Val Loss: 2.9608
BLEU_1: 0.1989
BLEU_2: 0.1180
BLEU_3: 0.0836
BLEU_4: 0.0640
METEOR: 0.1035
ROUGE_L: 0.2947
entity_precision: 0.5375
entity_recall: 0.3066
entity_f1: 0.3905
Epoch 15/100
Batch [20] - Report Loss: 0.0185, Entity Loss: 0.0262, Total Loss: 0.0211
Batch [40] - Report Loss: 0.0169, Entity Loss: 0.0250, Total Loss: 0.0194
Batch [60] - Report Loss: 0.0145, Entity Loss: 0.0248, Total Loss: 0.0169
Computing difficulty scores for curriculum learning...
Updated curriculum ratio: 1.0000
Epoch 15 - Train Loss: 0.0163, Val Loss: 2.9940
BLEU_1: 0.1989
BLEU_2: 0.1180
BLEU_3: 0.0836
BLEU_4: 0.0640
METEOR: 0.1035
ROUGE_L: 0.2947
entity_precision: 0.5542
entity_recall: 0.2994
entity_f1: 0.3888
Epoch 16/100
Batch [20] - Report Loss: 0.0072, Entity Loss: 0.0237, Total Loss: 0.0096
Batch [40] - Report Loss: 0.0061, Entity Loss: 0.0224, Total Loss: 0.0083
Batch [60] - Report Loss: 0.0055, Entity Loss: 0.0217, Total Loss: 0.0077
Computing difficulty scores for curriculum learning...
Updated curriculum ratio: 1.0000
Epoch 16 - Train Loss: 0.0075, Val Loss: 3.0743
BLEU_1: 0.1989
BLEU_2: 0.1180
BLEU_3: 0.0836
BLEU_4: 0.0640
METEOR: 0.1035
ROUGE_L: 0.2947
entity_precision: 0.5585
entity_recall: 0.3271
entity_f1: 0.4125
Epoch 17/100
Batch [20] - Report Loss: 0.0034, Entity Loss: 0.0204, Total Loss: 0.0054
Batch [40] - Report Loss: 0.0031, Entity Loss: 0.0197, Total Loss: 0.0050
Batch [60] - Report Loss: 0.0029, Entity Loss: 0.0191, Total Loss: 0.0048
Computing difficulty scores for curriculum learning...
Updated curriculum ratio: 0.7170
Epoch 17 - Train Loss: 0.0047, Val Loss: 3.1902
BLEU_1: 0.3329
BLEU_2: 0.1925
BLEU_3: 0.1223
BLEU_4: 0.0821
METEOR: 0.1417
ROUGE_L: 0.3168
entity_precision: 0.5935
entity_recall: 0.2970
entity_f1: 0.3959
Epoch 18/100
Batch [20] - Report Loss: 1.5590, Entity Loss: 0.0677, Total Loss: 1.5658
Batch [40] - Report Loss: 1.4805, Entity Loss: 0.0617, Total Loss: 1.4867
Computing difficulty scores for curriculum learning...
Updated curriculum ratio: 0.5675
Epoch 18 - Train Loss: 1.4700, Val Loss: 1.9305
BLEU_1: 0.4137
BLEU_2: 0.2237
BLEU_3: 0.1433
BLEU_4: 0.0992
METEOR: 0.1506
ROUGE_L: 0.3076
entity_precision: 0.6012
entity_recall: 0.3058
entity_f1: 0.4054
Epoch 19/100
Batch [20] - Report Loss: 0.9477, Entity Loss: 0.0421, Total Loss: 0.9519
Computing difficulty scores for curriculum learning...
Updated curriculum ratio: 0.7711
Epoch 19 - Train Loss: 0.9670, Val Loss: 1.9362
BLEU_1: 0.2048
BLEU_2: 0.1205
BLEU_3: 0.0841
BLEU_4: 0.0636
METEOR: 0.1034
ROUGE_L: 0.2936
entity_precision: 0.6152
entity_recall: 0.3203
entity_f1: 0.4213
Epoch 20/100
Batch [20] - Report Loss: 1.1537, Entity Loss: 0.0472, Total Loss: 1.1585
Batch [40] - Report Loss: 1.1546, Entity Loss: 0.0466, Total Loss: 1.1592
Computing difficulty scores for curriculum learning...
Updated curriculum ratio: 0.7321
Epoch 20 - Train Loss: 1.1659, Val Loss: 1.8489
BLEU_1: 0.2326
BLEU_2: 0.1340
BLEU_3: 0.0911
BLEU_4: 0.0669
METEOR: 0.1096
ROUGE_L: 0.2947
entity_precision: 0.6060
entity_recall: 0.3101
entity_f1: 0.4102
Epoch 21/100
Batch [20] - Report Loss: 0.9854, Entity Loss: 0.0424, Total Loss: 0.9896
Batch [40] - Report Loss: 0.9945, Entity Loss: 0.0431, Total Loss: 0.9988
Computing difficulty scores for curriculum learning...
Updated curriculum ratio: 0.3835
Epoch 21 - Train Loss: 1.0008, Val Loss: 1.8245
BLEU_1: 0.3223
BLEU_2: 0.2032
BLEU_3: 0.1388
BLEU_4: 0.0987
METEOR: 0.1456
ROUGE_L: 0.3284
entity_precision: 0.6070
entity_recall: 0.3215
entity_f1: 0.4204
Epoch 22/100
Batch [20] - Report Loss: 0.5516, Entity Loss: 0.0294, Total Loss: 0.5546
Computing difficulty scores for curriculum learning...
Updated curriculum ratio: 0.5141
Epoch 22 - Train Loss: 0.5572, Val Loss: 1.9658
BLEU_1: 0.2026
BLEU_2: 0.1205
BLEU_3: 0.0851
BLEU_4: 0.0651
METEOR: 0.1045
ROUGE_L: 0.2950
entity_precision: 0.5686
entity_recall: 0.3408
entity_f1: 0.4262
Epoch 23/100
Batch [20] - Report Loss: 0.6460, Entity Loss: 0.0331, Total Loss: 0.6493
Computing difficulty scores for curriculum learning...
Updated curriculum ratio: 0.2335
Epoch 23 - Train Loss: 0.6446, Val Loss: 1.9212
BLEU_1: 0.3628
BLEU_2: 0.2172
BLEU_3: 0.1453
BLEU_4: 0.1006
METEOR: 0.1461
ROUGE_L: 0.3010
entity_precision: 0.5753
entity_recall: 0.3387
entity_f1: 0.4264
Epoch 24/100
Computing difficulty scores for curriculum learning...
Updated curriculum ratio: 0.1879
Epoch 24 - Train Loss: 0.3571, Val Loss: 2.1214
BLEU_1: 0.3969
BLEU_2: 0.2418
BLEU_3: 0.1665
BLEU_4: 0.1203
METEOR: 0.1637
ROUGE_L: 0.3332
entity_precision: 0.5355
entity_recall: 0.3350
entity_f1: 0.4122
Epoch 25/100
Computing difficulty scores for curriculum learning...
Updated curriculum ratio: 0.2563
Epoch 25 - Train Loss: 0.2758, Val Loss: 2.1831
BLEU_1: 0.2487
BLEU_2: 0.1475
BLEU_3: 0.1027
BLEU_4: 0.0765
METEOR: 0.1146
ROUGE_L: 0.2949
entity_precision: 0.5726
entity_recall: 0.3093
entity_f1: 0.4016
Epoch 26/100
Computing difficulty scores for curriculum learning...
Updated curriculum ratio: 0.2971
Epoch 26 - Train Loss: 0.3340, Val Loss: 2.1904
BLEU_1: 0.2134
BLEU_2: 0.1239
BLEU_3: 0.0856
BLEU_4: 0.0643
METEOR: 0.1033
ROUGE_L: 0.2897
entity_precision: 0.5872
entity_recall: 0.3039
entity_f1: 0.4005
Epoch 27/100
Batch [20] - Report Loss: 0.3607, Entity Loss: 0.0203, Total Loss: 0.3627
Batch [20] - Report Loss: 0.3607, Entity Loss: 0.0203, Total Loss: 0.3627
Computing difficulty scores for curriculum learning...
Updated curriculum ratio: 0.2660
Epoch 27 - Train Loss: 0.3627, Val Loss: 2.1431
BLEU_1: 0.2254
BLEU_2: 0.1345
BLEU_3: 0.0944
BLEU_4: 0.0711
METEOR: 0.1098
ROUGE_L: 0.2973
entity_precision: 0.5888
entity_recall: 0.3127
entity_f1: 0.4085
Epoch 28/100
Computing difficulty scores for curriculum learning...
Updated curriculum ratio: 0.1236
Epoch 28 - Train Loss: 0.2928, Val Loss: 2.2105
BLEU_1: 0.3690
BLEU_2: 0.2194
BLEU_3: 0.1498
BLEU_4: 0.1091
METEOR: 0.1502
ROUGE_L: 0.3159
entity_precision: 0.5528
entity_recall: 0.3086
entity_f1: 0.3961
Epoch 29/100
Computing difficulty scores for curriculum learning...
Updated curriculum ratio: 0.1610
Epoch 29 - Train Loss: 0.2150, Val Loss: 2.2658
BLEU_1: 0.2394
BLEU_2: 0.1442
BLEU_3: 0.1011
BLEU_4: 0.0761
METEOR: 0.1139
ROUGE_L: 0.2984
entity_precision: 0.5294
entity_recall: 0.2505
entity_f1: 0.3401
Epoch 30/100
Computing difficulty scores for curriculum learning...
Updated curriculum ratio: 0.1389
Epoch 30 - Train Loss: 0.2193, Val Loss: 2.3211
BLEU_1: 0.3055
BLEU_2: 0.1759
BLEU_3: 0.1189
BLEU_4: 0.0865
METEOR: 0.1247
ROUGE_L: 0.2995
entity_precision: 0.5442
entity_recall: 0.3035
entity_f1: 0.3897
Epoch 31/100
Computing difficulty scores for curriculum learning...
Updated curriculum ratio: 0.1196
Epoch 31 - Train Loss: 0.1986, Val Loss: 2.3070
BLEU_1: 0.3134
BLEU_2: 0.1898
BLEU_3: 0.1323
BLEU_4: 0.0985
METEOR: 0.1346
ROUGE_L: 0.3106
entity_precision: 0.5684
entity_recall: 0.2706
entity_f1: 0.3666
Epoch 32/100
Computing difficulty scores for curriculum learning...
Updated curriculum ratio: 0.1055
Epoch 32 - Train Loss: 0.1675, Val Loss: 2.3093
BLEU_1: 0.3610
BLEU_2: 0.2194
BLEU_3: 0.1512
BLEU_4: 0.1102
METEOR: 0.1485
ROUGE_L: 0.3184
entity_precision: 0.5949
entity_recall: 0.2843
entity_f1: 0.3847
Epoch 33/100
Computing difficulty scores for curriculum learning...
Updated curriculum ratio: 0.1075
Epoch 33 - Train Loss: 0.1367, Val Loss: 2.3557
BLEU_1: 0.3538
BLEU_2: 0.2193
BLEU_3: 0.1508
BLEU_4: 0.1081
METEOR: 0.1468
ROUGE_L: 0.3245
entity_precision: 0.5856
entity_recall: 0.2724
entity_f1: 0.3718
Epoch 34/100
Computing difficulty scores for curriculum learning...
Updated curriculum ratio: 0.1000
Epoch 34 - Train Loss: 0.1372, Val Loss: 2.3944
BLEU_1: 0.3936
BLEU_2: 0.2399
BLEU_3: 0.1650
BLEU_4: 0.1190
METEOR: 0.1596
ROUGE_L: 0.3220
entity_precision: 0.6067
entity_recall: 0.2630
entity_f1: 0.3669
Epoch 35/100
Computing difficulty scores for curriculum learning...
Updated curriculum ratio: 0.1070
Epoch 35 - Train Loss: 0.1315, Val Loss: 2.3936
BLEU_1: 0.3904
BLEU_2: 0.2394
BLEU_3: 0.1612
BLEU_4: 0.1107
METEOR: 0.1558
ROUGE_L: 0.3148
entity_precision: 0.6057
entity_recall: 0.2745
entity_f1: 0.3777
Epoch 36/100
Computing difficulty scores for curriculum learning...
Updated curriculum ratio: 0.1253
Epoch 36 - Train Loss: 0.1384, Val Loss: 2.4027
BLEU_1: 0.3030
BLEU_2: 0.1827
BLEU_3: 0.1262
BLEU_4: 0.0918
METEOR: 0.1322
ROUGE_L: 0.3068
entity_precision: 0.5991
entity_recall: 0.2740
entity_f1: 0.3761
Epoch 37/100
Computing difficulty scores for curriculum learning...
Updated curriculum ratio: 0.1000
Epoch 37 - Train Loss: 0.1554, Val Loss: 2.4345
BLEU_1: 0.3795
BLEU_2: 0.2296
BLEU_3: 0.1566
BLEU_4: 0.1114
METEOR: 0.1504
ROUGE_L: 0.3076
entity_precision: 0.5727
entity_recall: 0.2910
entity_f1: 0.3859
Epoch 38/100
Computing difficulty scores for curriculum learning...
Updated curriculum ratio: 0.1394
Epoch 38 - Train Loss: 0.1292, Val Loss: 2.4429
BLEU_1: 0.2696
BLEU_2: 0.1486
BLEU_3: 0.0966
BLEU_4: 0.0675
METEOR: 0.1108
ROUGE_L: 0.2797
entity_precision: 0.5827
entity_recall: 0.2567
entity_f1: 0.3564
Epoch 39/100
Computing difficulty scores for curriculum learning...
Updated curriculum ratio: 0.1000
Epoch 39 - Train Loss: 0.1691, Val Loss: 2.4412
BLEU_1: 0.3458
BLEU_2: 0.2087
BLEU_3: 0.1445
BLEU_4: 0.1064
METEOR: 0.1428
ROUGE_L: 0.3149
entity_precision: 0.5732
entity_recall: 0.2861
entity_f1: 0.3817
Epoch 40/100
Computing difficulty scores for curriculum learning...
Updated curriculum ratio: 0.1000
Epoch 40 - Train Loss: 0.1292, Val Loss: 2.4910
BLEU_1: 0.3337
BLEU_2: 0.2060
BLEU_3: 0.1454
BLEU_4: 0.1090
METEOR: 0.1404
ROUGE_L: 0.3174
entity_precision: 0.5037
entity_recall: 0.2648
entity_f1: 0.3471
Epoch 41/100
Computing difficulty scores for curriculum learning...
Updated curriculum ratio: 0.1000
Epoch 41 - Train Loss: 0.1236, Val Loss: 2.5017
BLEU_1: 0.3486
BLEU_2: 0.2135
BLEU_3: 0.1499
BLEU_4: 0.1112
METEOR: 0.1492
ROUGE_L: 0.3286
entity_precision: 0.5340
entity_recall: 0.2409
entity_f1: 0.3320
Epoch 42/100
Computing difficulty scores for curriculum learning...
Updated curriculum ratio: 0.1000
Epoch 42 - Train Loss: 0.1194, Val Loss: 2.5145
BLEU_1: 0.3881
BLEU_2: 0.2345
BLEU_3: 0.1583
BLEU_4: 0.1119
METEOR: 0.1574
ROUGE_L: 0.3179
entity_precision: 0.5593
entity_recall: 0.2646
entity_f1: 0.3593
Epoch 43/100
Computing difficulty scores for curriculum learning...
Updated curriculum ratio: 0.1193
Epoch 43 - Train Loss: 0.1190, Val Loss: 2.5281
BLEU_1: 0.2890
BLEU_2: 0.1756
BLEU_3: 0.1217
BLEU_4: 0.0904
METEOR: 0.1290
ROUGE_L: 0.3136
entity_precision: 0.5637
entity_recall: 0.2700
entity_f1: 0.3651
Epoch 44/100
Computing difficulty scores for curriculum learning...
Updated curriculum ratio: 0.1000
Epoch 44 - Train Loss: 0.1303, Val Loss: 2.4798
BLEU_1: 0.4068
BLEU_2: 0.2460
BLEU_3: 0.1659
BLEU_4: 0.1160
METEOR: 0.1641
ROUGE_L: 0.3100
entity_precision: 0.5698
entity_recall: 0.2822
entity_f1: 0.3775
Epoch 45/100
Computing difficulty scores for curriculum learning...
Updated curriculum ratio: 0.1072
Epoch 45 - Train Loss: 0.1083, Val Loss: 2.5012
BLEU_1: 0.3604
BLEU_2: 0.2230
BLEU_3: 0.1504
BLEU_4: 0.1076
METEOR: 0.1486
ROUGE_L: 0.3190
entity_precision: 0.5600
entity_recall: 0.2771
entity_f1: 0.3708
Epoch 46/100
Computing difficulty scores for curriculum learning...
Updated curriculum ratio: 0.1000
Epoch 46 - Train Loss: 0.1265, Val Loss: 2.5236
BLEU_1: 0.4083
BLEU_2: 0.2532
BLEU_3: 0.1750
BLEU_4: 0.1271
METEOR: 0.1628
ROUGE_L: 0.3225
entity_precision: 0.5573
entity_recall: 0.2378
entity_f1: 0.3334
Epoch 47/100
Computing difficulty scores for curriculum learning...
Updated curriculum ratio: 0.1047
Epoch 47 - Train Loss: 0.1078, Val Loss: 2.5352
BLEU_1: 0.4057
BLEU_2: 0.2483
BLEU_3: 0.1690
BLEU_4: 0.1212
METEOR: 0.1605
ROUGE_L: 0.3200
entity_precision: 0.5695
entity_recall: 0.2599
entity_f1: 0.3569
Epoch 48/100
Computing difficulty scores for curriculum learning...
Updated curriculum ratio: 0.1016
Epoch 48 - Train Loss: 0.1205, Val Loss: 2.5367
BLEU_1: 0.4241
BLEU_2: 0.2560
BLEU_3: 0.1741
BLEU_4: 0.1248
METEOR: 0.1649
ROUGE_L: 0.3186
entity_precision: 0.5682
entity_recall: 0.2745
entity_f1: 0.3701
Epoch 49/100
Computing difficulty scores for curriculum learning...
Updated curriculum ratio: 0.1117
Epoch 49 - Train Loss: 0.1069, Val Loss: 2.5630
BLEU_1: 0.3961
BLEU_2: 0.2367
BLEU_3: 0.1595
BLEU_4: 0.1123
METEOR: 0.1558
ROUGE_L: 0.3082
entity_precision: 0.5696
entity_recall: 0.2679
entity_f1: 0.3644
Epoch 50/100
Computing difficulty scores for curriculum learning...
Updated curriculum ratio: 0.1000
Epoch 50 - Train Loss: 0.1090, Val Loss: 2.5342
BLEU_1: 0.4282
BLEU_2: 0.2659
BLEU_3: 0.1801
BLEU_4: 0.1284
METEOR: 0.1654
ROUGE_L: 0.3262
entity_precision: 0.5735
entity_recall: 0.2691
entity_f1: 0.3663
Saving best model with BLEU_4: 0.1284
Epoch 51/100
Computing difficulty scores for curriculum learning...
Updated curriculum ratio: 0.1000
Epoch 51 - Train Loss: 0.0916, Val Loss: 2.5428
BLEU_1: 0.4236
BLEU_2: 0.2651
BLEU_3: 0.1802
BLEU_4: 0.1288
METEOR: 0.1632
ROUGE_L: 0.3226
entity_precision: 0.5735
entity_recall: 0.2794
entity_f1: 0.3757
Saving best model with BLEU_4: 0.1288
Epoch 52/100
Computing difficulty scores for curriculum learning...
Updated curriculum ratio: 0.1019
Epoch 52 - Train Loss: 0.0979, Val Loss: 2.5451
BLEU_1: 0.4095
BLEU_2: 0.2540
BLEU_3: 0.1750
BLEU_4: 0.1263
METEOR: 0.1600
ROUGE_L: 0.3178
entity_precision: 0.5713
entity_recall: 0.2722
entity_f1: 0.3687
Epoch 53/100
Computing difficulty scores for curriculum learning...
Updated curriculum ratio: 0.1029
Epoch 53 - Train Loss: 0.0859, Val Loss: 2.5507
BLEU_1: 0.4185
BLEU_2: 0.2552
BLEU_3: 0.1743
BLEU_4: 0.1251
METEOR: 0.1642
ROUGE_L: 0.3157
entity_precision: 0.5754
entity_recall: 0.2685
entity_f1: 0.3662
Epoch 54/100
Computing difficulty scores for curriculum learning...
Updated curriculum ratio: 0.1049
Epoch 54 - Train Loss: 0.0886, Val Loss: 2.5509
BLEU_1: 0.4106
BLEU_2: 0.2495
BLEU_3: 0.1704
BLEU_4: 0.1227
METEOR: 0.1606
ROUGE_L: 0.3130
entity_precision: 0.5666
entity_recall: 0.2655
entity_f1: 0.3615
Epoch 55/100
Computing difficulty scores for curriculum learning...
Updated curriculum ratio: 0.1065
Epoch 55 - Train Loss: 0.0882, Val Loss: 2.5459
BLEU_1: 0.4121
BLEU_2: 0.2490
BLEU_3: 0.1689
BLEU_4: 0.1208
METEOR: 0.1595
ROUGE_L: 0.3133
entity_precision: 0.5674
entity_recall: 0.2612
entity_f1: 0.3577
Epoch 56/100
Computing difficulty scores for curriculum learning...
Updated curriculum ratio: 0.1024
Epoch 56 - Train Loss: 0.0928, Val Loss: 2.5498
BLEU_1: 0.4168
BLEU_2: 0.2541
BLEU_3: 0.1739
BLEU_4: 0.1255
METEOR: 0.1632
ROUGE_L: 0.3170
entity_precision: 0.5736
entity_recall: 0.2607
entity_f1: 0.3585
Epoch 57/100
Computing difficulty scores for curriculum learning...
Updated curriculum ratio: 0.1009
Epoch 57 - Train Loss: 0.0824, Val Loss: 2.5480
BLEU_1: 0.4202
BLEU_2: 0.2561
BLEU_3: 0.1758
BLEU_4: 0.1273
METEOR: 0.1647
ROUGE_L: 0.3184
entity_precision: 0.5717
entity_recall: 0.2650
entity_f1: 0.3622
Epoch 58/100
Computing difficulty scores for curriculum learning...
Updated curriculum ratio: 0.1003
Epoch 58 - Train Loss: 0.0806, Val Loss: 2.5563
BLEU_1: 0.4208
BLEU_2: 0.2575
BLEU_3: 0.1768
BLEU_4: 0.1281
METEOR: 0.1674
ROUGE_L: 0.3211
entity_precision: 0.5725
entity_recall: 0.2585
entity_f1: 0.3562
Epoch 59/100
Computing difficulty scores for curriculum learning...
Updated curriculum ratio: 0.1018
Epoch 59 - Train Loss: 0.0869, Val Loss: 2.5625
BLEU_1: 0.4186
BLEU_2: 0.2555
BLEU_3: 0.1747
BLEU_4: 0.1262
METEOR: 0.1663
ROUGE_L: 0.3218
entity_precision: 0.5754
entity_recall: 0.2593
entity_f1: 0.3575
Epoch 60/100
Computing difficulty scores for curriculum learning...
Updated curriculum ratio: 0.1000
Epoch 60 - Train Loss: 0.0815, Val Loss: 2.5695
BLEU_1: 0.4212
BLEU_2: 0.2579
BLEU_3: 0.1775
BLEU_4: 0.1291
METEOR: 0.1657
ROUGE_L: 0.3208
entity_precision: 0.5682
entity_recall: 0.2575
entity_f1: 0.3544
Saving best model with BLEU_4: 0.1291
Epoch 61/100
Computing difficulty scores for curriculum learning...
Updated curriculum ratio: 0.1015
Epoch 61 - Train Loss: 0.0844, Val Loss: 2.5638
BLEU_1: 0.4178
BLEU_2: 0.2568
BLEU_3: 0.1763
BLEU_4: 0.1272
METEOR: 0.1678
ROUGE_L: 0.3187
entity_precision: 0.5655
entity_recall: 0.2614
entity_f1: 0.3575
Epoch 62/100
Computing difficulty scores for curriculum learning...
Updated curriculum ratio: 0.1021
Epoch 62 - Train Loss: 0.0773, Val Loss: 2.5596
BLEU_1: 0.4137
BLEU_2: 0.2543
BLEU_3: 0.1748
BLEU_4: 0.1264
METEOR: 0.1656
ROUGE_L: 0.3186
entity_precision: 0.5688
entity_recall: 0.2597
entity_f1: 0.3566
Epoch 63/100
Computing difficulty scores for curriculum learning...
Updated curriculum ratio: 0.1000
Epoch 63 - Train Loss: 0.0792, Val Loss: 2.5705
BLEU_1: 0.4228
BLEU_2: 0.2602
BLEU_3: 0.1792
BLEU_4: 0.1309
METEOR: 0.1656
ROUGE_L: 0.3210
entity_precision: 0.5739
entity_recall: 0.2624
entity_f1: 0.3601
Saving best model with BLEU_4: 0.1309
Epoch 64/100
Computing difficulty scores for curriculum learning...
Updated curriculum ratio: 0.1020
Epoch 64 - Train Loss: 0.0820, Val Loss: 2.5757
BLEU_1: 0.4219
BLEU_2: 0.2575
BLEU_3: 0.1769
BLEU_4: 0.1283
METEOR: 0.1649
ROUGE_L: 0.3183
entity_precision: 0.5710
entity_recall: 0.2640
entity_f1: 0.3611
Epoch 65/100
Computing difficulty scores for curriculum learning...
Updated curriculum ratio: 0.1036
Epoch 65 - Train Loss: 0.0767, Val Loss: 2.5700
BLEU_1: 0.4189
BLEU_2: 0.2547
BLEU_3: 0.1744
BLEU_4: 0.1263
METEOR: 0.1642
ROUGE_L: 0.3194
entity_precision: 0.5768
entity_recall: 0.2589
entity_f1: 0.3574
Epoch 66/100
Computing difficulty scores for curriculum learning...
Updated curriculum ratio: 0.1000
Epoch 66 - Train Loss: 0.0795, Val Loss: 2.5726
BLEU_1: 0.4187
BLEU_2: 0.2588
BLEU_3: 0.1788
BLEU_4: 0.1306
METEOR: 0.1650
ROUGE_L: 0.3219
entity_precision: 0.5791
entity_recall: 0.2622
entity_f1: 0.3609
Epoch 67/100
Computing difficulty scores for curriculum learning...
Updated curriculum ratio: 0.1008
Epoch 67 - Train Loss: 0.0776, Val Loss: 2.5822
BLEU_1: 0.4220
BLEU_2: 0.2590
BLEU_3: 0.1781
BLEU_4: 0.1296
METEOR: 0.1674
ROUGE_L: 0.3210
entity_precision: 0.5777
entity_recall: 0.2679
entity_f1: 0.3661
Epoch 68/100
Computing difficulty scores for curriculum learning...
Updated curriculum ratio: 0.1010
Epoch 68 - Train Loss: 0.0769, Val Loss: 2.5739
BLEU_1: 0.4193
BLEU_2: 0.2584
BLEU_3: 0.1776
BLEU_4: 0.1294
METEOR: 0.1665
ROUGE_L: 0.3217
entity_precision: 0.5797
entity_recall: 0.2612
entity_f1: 0.3601
Epoch 69/100
Computing difficulty scores for curriculum learning...
Updated curriculum ratio: 0.1017
Epoch 69 - Train Loss: 0.0786, Val Loss: 2.5759
BLEU_1: 0.4177
BLEU_2: 0.2567
BLEU_3: 0.1766
BLEU_4: 0.1285
METEOR: 0.1684
ROUGE_L: 0.3234
entity_precision: 0.5801
entity_recall: 0.2587
entity_f1: 0.3578
Epoch 70/100
Computing difficulty scores for curriculum learning...
Updated curriculum ratio: 0.1009
Epoch 70 - Train Loss: 0.0745, Val Loss: 2.5807
BLEU_1: 0.4245
BLEU_2: 0.2603
BLEU_3: 0.1782
BLEU_4: 0.1295
METEOR: 0.1687
ROUGE_L: 0.3277
entity_precision: 0.5766
entity_recall: 0.2589
entity_f1: 0.3573
Epoch 71/100
Computing difficulty scores for curriculum learning...
Updated curriculum ratio: 0.1006
Epoch 71 - Train Loss: 0.0765, Val Loss: 2.5789
BLEU_1: 0.4263
BLEU_2: 0.2614
BLEU_3: 0.1791
BLEU_4: 0.1299
METEOR: 0.1682
ROUGE_L: 0.3257
entity_precision: 0.5820
entity_recall: 0.2593
entity_f1: 0.3588
Epoch 72/100
Computing difficulty scores for curriculum learning...
Updated curriculum ratio: 0.1005
Epoch 72 - Train Loss: 0.0739, Val Loss: 2.5794
BLEU_1: 0.4216
BLEU_2: 0.2597
BLEU_3: 0.1787
BLEU_4: 0.1299
METEOR: 0.1689
ROUGE_L: 0.3264
entity_precision: 0.5761
entity_recall: 0.2573
entity_f1: 0.3557
Epoch 73/100
Computing difficulty scores for curriculum learning...
Updated curriculum ratio: 0.1033
Epoch 73 - Train Loss: 0.0761, Val Loss: 2.5851
BLEU_1: 0.4173
BLEU_2: 0.2561
BLEU_3: 0.1751
BLEU_4: 0.1264
METEOR: 0.1680
ROUGE_L: 0.3227
entity_precision: 0.5814
entity_recall: 0.2616
entity_f1: 0.3608
Epoch 74/100
Computing difficulty scores for curriculum learning...
Updated curriculum ratio: 0.1000
Epoch 74 - Train Loss: 0.0812, Val Loss: 2.5831
BLEU_1: 0.4190
BLEU_2: 0.2591
BLEU_3: 0.1791
BLEU_4: 0.1313
METEOR: 0.1681
ROUGE_L: 0.3269
entity_precision: 0.5792
entity_recall: 0.2634
entity_f1: 0.3621
Saving best model with BLEU_4: 0.1313
Epoch 75/100
Computing difficulty scores for curriculum learning...
Updated curriculum ratio: 0.1019
Epoch 75 - Train Loss: 0.0761, Val Loss: 2.5837
BLEU_1: 0.4160
BLEU_2: 0.2572
BLEU_3: 0.1770
BLEU_4: 0.1288
METEOR: 0.1687
ROUGE_L: 0.3230
entity_precision: 0.5757
entity_recall: 0.2716
entity_f1: 0.3691
Epoch 76/100
Computing difficulty scores for curriculum learning...
Updated curriculum ratio: 0.1006
Epoch 76 - Train Loss: 0.0773, Val Loss: 2.5832
BLEU_1: 0.4133
BLEU_2: 0.2579
BLEU_3: 0.1787
BLEU_4: 0.1304
METEOR: 0.1684
ROUGE_L: 0.3258
entity_precision: 0.5871
entity_recall: 0.2634
entity_f1: 0.3637
Epoch 77/100
Computing difficulty scores for curriculum learning...
Updated curriculum ratio: 0.1002
Epoch 77 - Train Loss: 0.0729, Val Loss: 2.5829
BLEU_1: 0.4232
BLEU_2: 0.2625
BLEU_3: 0.1802
BLEU_4: 0.1309
METEOR: 0.1721
ROUGE_L: 0.3274
entity_precision: 0.5851
entity_recall: 0.2646
entity_f1: 0.3644
Epoch 78/100
Computing difficulty scores for curriculum learning...
Updated curriculum ratio: 0.1000
Epoch 78 - Train Loss: 0.0733, Val Loss: 2.5892
BLEU_1: 0.4247
BLEU_2: 0.2656
BLEU_3: 0.1841
BLEU_4: 0.1346
METEOR: 0.1725
ROUGE_L: 0.3317
entity_precision: 0.5815
entity_recall: 0.2622
entity_f1: 0.3614
Saving best model with BLEU_4: 0.1346
Epoch 79/100
Computing difficulty scores for curriculum learning...
Updated curriculum ratio: 0.1063
Epoch 79 - Train Loss: 0.0737, Val Loss: 2.5925
BLEU_1: 0.4136
BLEU_2: 0.2557
BLEU_3: 0.1749
BLEU_4: 0.1261
METEOR: 0.1704
ROUGE_L: 0.3237
entity_precision: 0.5794
entity_recall: 0.2659
entity_f1: 0.3645
Epoch 80/100
Computing difficulty scores for curriculum learning...
Updated curriculum ratio: 0.1000
Epoch 80 - Train Loss: 0.0765, Val Loss: 2.5855
BLEU_1: 0.4216
BLEU_2: 0.2628
BLEU_3: 0.1824
BLEU_4: 0.1338
METEOR: 0.1725
ROUGE_L: 0.3320
entity_precision: 0.5788
entity_recall: 0.2607
entity_f1: 0.3595
Epoch 81/100
Computing difficulty scores for curriculum learning...
Updated curriculum ratio: 0.1006
Epoch 81 - Train Loss: 0.0719, Val Loss: 2.5906
BLEU_1: 0.4224
BLEU_2: 0.2624
BLEU_3: 0.1820
BLEU_4: 0.1330
METEOR: 0.1703
ROUGE_L: 0.3257
entity_precision: 0.5837
entity_recall: 0.2646
entity_f1: 0.3642
Epoch 82/100
Computing difficulty scores for curriculum learning...
Updated curriculum ratio: 0.1005
Epoch 82 - Train Loss: 0.0752, Val Loss: 2.5873
BLEU_1: 0.4203
BLEU_2: 0.2609
BLEU_3: 0.1812
BLEU_4: 0.1331
METEOR: 0.1691
ROUGE_L: 0.3276
entity_precision: 0.5815
entity_recall: 0.2607
entity_f1: 0.3600
Epoch 83/100
Computing difficulty scores for curriculum learning...
Updated curriculum ratio: 0.1000
Epoch 83 - Train Loss: 0.0780, Val Loss: 2.5889
BLEU_1: 0.4237
BLEU_2: 0.2637
BLEU_3: 0.1827
BLEU_4: 0.1340
METEOR: 0.1715
ROUGE_L: 0.3295
entity_precision: 0.5821
entity_recall: 0.2562
entity_f1: 0.3558
Epoch 84/100
Computing difficulty scores for curriculum learning...
Updated curriculum ratio: 0.1000
Epoch 84 - Train Loss: 0.0697, Val Loss: 2.6024
BLEU_1: 0.4275
BLEU_2: 0.2663
BLEU_3: 0.1848
BLEU_4: 0.1354
METEOR: 0.1727
ROUGE_L: 0.3292
entity_precision: 0.5805
entity_recall: 0.2650
entity_f1: 0.3639
Saving best model with BLEU_4: 0.1354
Epoch 85/100
Computing difficulty scores for curriculum learning...
Updated curriculum ratio: 0.1020
Epoch 85 - Train Loss: 0.0715, Val Loss: 2.6003
BLEU_1: 0.4272
BLEU_2: 0.2648
BLEU_3: 0.1828
BLEU_4: 0.1328
METEOR: 0.1701
ROUGE_L: 0.3265
entity_precision: 0.5830
entity_recall: 0.2661
entity_f1: 0.3654
Epoch 86/100
Computing difficulty scores for curriculum learning...
Updated curriculum ratio: 0.1000
Epoch 86 - Train Loss: 0.0729, Val Loss: 2.5980
BLEU_1: 0.4276
BLEU_2: 0.2670
BLEU_3: 0.1857
BLEU_4: 0.1362
METEOR: 0.1715
ROUGE_L: 0.3303
entity_precision: 0.5835
entity_recall: 0.2624
entity_f1: 0.3620
Saving best model with BLEU_4: 0.1362
Epoch 87/100
Computing difficulty scores for curriculum learning...
Updated curriculum ratio: 0.1038
Epoch 87 - Train Loss: 0.0797, Val Loss: 2.6030
BLEU_1: 0.4253
BLEU_2: 0.2625
BLEU_3: 0.1808
BLEU_4: 0.1310
METEOR: 0.1707
ROUGE_L: 0.3282
entity_precision: 0.5782
entity_recall: 0.2671
entity_f1: 0.3654
Epoch 88/100
Computing difficulty scores for curriculum learning...
Updated curriculum ratio: 0.1070
Epoch 88 - Train Loss: 0.0754, Val Loss: 2.5949
BLEU_1: 0.4186
BLEU_2: 0.2563
BLEU_3: 0.1757
BLEU_4: 0.1270
METEOR: 0.1689
ROUGE_L: 0.3247
entity_precision: 0.5871
entity_recall: 0.2636
entity_f1: 0.3638
Epoch 89/100
Computing difficulty scores for curriculum learning...
Updated curriculum ratio: 0.1006
Epoch 89 - Train Loss: 0.0830, Val Loss: 2.5945
BLEU_1: 0.4251
BLEU_2: 0.2636
BLEU_3: 0.1830
BLEU_4: 0.1345
METEOR: 0.1700
ROUGE_L: 0.3292
entity_precision: 0.5853
entity_recall: 0.2640
entity_f1: 0.3639
Epoch 90/100
Computing difficulty scores for curriculum learning...
Updated curriculum ratio: 0.1037
Epoch 90 - Train Loss: 0.0672, Val Loss: 2.5936
BLEU_1: 0.4173
BLEU_2: 0.2589
BLEU_3: 0.1789
BLEU_4: 0.1303
METEOR: 0.1710
ROUGE_L: 0.3281
entity_precision: 0.5844
entity_recall: 0.2650
entity_f1: 0.3647
Epoch 91/100
Computing difficulty scores for curriculum learning...
Updated curriculum ratio: 0.1007
Epoch 91 - Train Loss: 0.0768, Val Loss: 2.5965
BLEU_1: 0.4220
BLEU_2: 0.2643
BLEU_3: 0.1832
BLEU_4: 0.1342
METEOR: 0.1698
ROUGE_L: 0.3326
entity_precision: 0.5856
entity_recall: 0.2632
entity_f1: 0.3632
Epoch 92/100
Computing difficulty scores for curriculum learning...
Updated curriculum ratio: 0.1083
Epoch 92 - Train Loss: 0.0676, Val Loss: 2.5926
BLEU_1: 0.4123
BLEU_2: 0.2531
BLEU_3: 0.1726
BLEU_4: 0.1241
METEOR: 0.1726
ROUGE_L: 0.3256
entity_precision: 0.5796
entity_recall: 0.2644
entity_f1: 0.3632
Epoch 93/100
Computing difficulty scores for curriculum learning...
Updated curriculum ratio: 0.1062
Epoch 93 - Train Loss: 0.0835, Val Loss: 2.5932
BLEU_1: 0.4174
BLEU_2: 0.2566
BLEU_3: 0.1753
BLEU_4: 0.1265
METEOR: 0.1721
ROUGE_L: 0.3246
entity_precision: 0.5847
entity_recall: 0.2657
entity_f1: 0.3653
Epoch 94/100
Computing difficulty scores for curriculum learning...
Updated curriculum ratio: 0.1005
Epoch 94 - Train Loss: 0.0769, Val Loss: 2.5987
BLEU_1: 0.4271
BLEU_2: 0.2642
BLEU_3: 0.1823
BLEU_4: 0.1333
METEOR: 0.1706
ROUGE_L: 0.3292
entity_precision: 0.5802
entity_recall: 0.2644
entity_f1: 0.3633
Epoch 95/100
Computing difficulty scores for curriculum learning...
Updated curriculum ratio: 0.1010
Epoch 95 - Train Loss: 0.0674, Val Loss: 2.5990
BLEU_1: 0.4272
BLEU_2: 0.2638
BLEU_3: 0.1814
BLEU_4: 0.1326
METEOR: 0.1694
ROUGE_L: 0.3285
entity_precision: 0.5836
entity_recall: 0.2616
entity_f1: 0.3612
Epoch 96/100
Computing difficulty scores for curriculum learning...
Updated curriculum ratio: 0.1020
Epoch 96 - Train Loss: 0.0703, Val Loss: 2.6007
BLEU_1: 0.4236
BLEU_2: 0.2618
BLEU_3: 0.1800
BLEU_4: 0.1312
METEOR: 0.1681
ROUGE_L: 0.3279
entity_precision: 0.5817
entity_recall: 0.2622
entity_f1: 0.3615
Epoch 97/100
Computing difficulty scores for curriculum learning...
Updated curriculum ratio: 0.1017
Epoch 97 - Train Loss: 0.0707, Val Loss: 2.6026
BLEU_1: 0.4237
BLEU_2: 0.2619
BLEU_3: 0.1803
BLEU_4: 0.1316
METEOR: 0.1675
ROUGE_L: 0.3271
entity_precision: 0.5830
entity_recall: 0.2618
entity_f1: 0.3613
Epoch 98/100
Computing difficulty scores for curriculum learning...
Updated curriculum ratio: 0.1030
Epoch 98 - Train Loss: 0.0674, Val Loss: 2.6063
BLEU_1: 0.4221
BLEU_2: 0.2602
BLEU_3: 0.1792
BLEU_4: 0.1299
METEOR: 0.1679
ROUGE_L: 0.3273
entity_precision: 0.5771
entity_recall: 0.2597
entity_f1: 0.3582
Epoch 99/100
Computing difficulty scores for curriculum learning...
Updated curriculum ratio: 0.1036
Epoch 99 - Train Loss: 0.0748, Val Loss: 2.6081
BLEU_1: 0.4196
BLEU_2: 0.2591
BLEU_3: 0.1782
BLEU_4: 0.1293
METEOR: 0.1687
ROUGE_L: 0.3257
entity_precision: 0.5826
entity_recall: 0.2620
entity_f1: 0.3614
Epoch 100/100
Computing difficulty scores for curriculum learning...
Updated curriculum ratio: 0.1058
Epoch 100 - Train Loss: 0.0718, Val Loss: 2.5996
BLEU_1: 0.4161
BLEU_2: 0.2563
BLEU_3: 0.1751
BLEU_4: 0.1265
METEOR: 0.1682
ROUGE_L: 0.3246
entity_precision: 0.5806
entity_recall: 0.2587
entity_f1: 0.3579
Loading best model for testing...
Test Results:
BLEU_1: 0.4250
BLEU_2: 0.2731
BLEU_3: 0.1961
BLEU_4: 0.1488
METEOR: 0.1875
ROUGE_L: 0.3490
entity_precision: 0.5975
entity_recall: 0.2955
entity_f1: 0.3955
Training completed!
